<?xml version="1.0" encoding="UTF-8"?>
<!-- Generated by org.testng.reporters.JUnitReportReporter -->
<testsuite skipped="0" hostname="Sachin-PC" name="AutoFramework.log4jdemo" tests="1" failures="0" timestamp="02 May 2020 16:12:48 GMT" time="21.151" errors="0">
  <testcase name="testlog" time="21.151" classname="AutoFramework.log4jdemo"/>
</testsuite> <!-- AutoFramework.log4jdemo -->
