<?xml version="1.0" encoding="UTF-8"?>
<!-- Generated by org.testng.reporters.JUnitReportReporter -->
<testsuite skipped="0" hostname="Sachin-PC" name="AutoFramework.learningproperty" tests="1" failures="0" timestamp="02 May 2020 17:00:21 GMT" time="0.022" errors="0">
  <testcase name="testProperty" time="0.022" classname="AutoFramework.learningproperty"/>
</testsuite> <!-- AutoFramework.learningproperty -->
