<?xml version="1.0" encoding="UTF-8"?>
<!-- Generated by org.testng.reporters.JUnitReportReporter -->
<testsuite skipped="0" hostname="Sachin-PC" name="myPackage.TestParallel" tests="1" failures="0" timestamp="07 May 2020 20:25:52 GMT" time="17.782" errors="0">
  <testcase name="test_01" time="17.782" classname="myPackage.TestParallel"/>
</testsuite> <!-- myPackage.TestParallel -->
