<?xml version="1.0" encoding="UTF-8"?>
<!-- Generated by org.testng.reporters.JUnitReportReporter -->
<testsuite skipped="0" hostname="Sachin-PC" name="tests.TestHomePage" tests="1" failures="0" timestamp="07 May 2020 20:01:14 GMT" time="50.631" errors="0">
  <testcase name="test_01" time="50.631" classname="tests.TestHomePage"/>
</testsuite> <!-- tests.TestHomePage -->
