<?xml version="1.0" encoding="UTF-8"?>
<!-- Generated by org.testng.reporters.JUnitReportReporter -->
<testsuite skipped="0" hostname="Sachin-PC" name="tests.TestWebsite" tests="2" failures="0" timestamp="07 May 2020 20:01:14 GMT" time="105.609" errors="0">
  <testcase name="test_02" time="28.762" classname="tests.TestWebsite"/>
  <testcase name="test_01" time="76.847" classname="tests.TestWebsite"/>
</testsuite> <!-- tests.TestWebsite -->
