<?xml version="1.0" encoding="UTF-8"?>
<!-- Generated by org.testng.reporters.JUnitReportReporter -->
<testsuite skipped="0" hostname="Sachin-PC" name="org.com.learnmaven.DemoTest" tests="1" failures="0" timestamp="2020-04-27T17:07:03 IST" time="13.275" errors="0">
  <testcase name="login" time="13.275" classname="org.com.learnmaven.DemoTest"/>
  <system-out/>
</testsuite> <!-- org.com.learnmaven.DemoTest -->
